2024-03-04 17:46:20,665 INFO org.apache.hadoop.hdfs.server.namenode.NameNode: STARTUP_MSG: 
/************************************************************
STARTUP_MSG: Starting NameNode
STARTUP_MSG:   host = ip-172-31-28-105.eu-north-1.compute.internal/172.31.28.105
STARTUP_MSG:   args = []
STARTUP_MSG:   version = 2.10.2
STARTUP_MSG:   classpath = /home/ubuntu/hadoop/etc/hadoop:/home/ubuntu/hadoop/share/hadoop/common/lib/commons-configuration-1.6.jar:/home/ubuntu/hadoop/share/hadoop/common/lib/api-asn1-api-1.0.0-M20.jar:/home/ubuntu/hadoop/share/hadoop/common/lib/audience-annotations-0.5.0.jar:/home/ubuntu/hadoop/share/hadoop/common/lib/api-util-1.0.0-M20.jar:/home/ubuntu/hadoop/share/hadoop/common/lib/commons-compress-1.21.jar:/home/ubuntu/hadoop/share/hadoop/common/lib/paranamer-2.3.jar:/home/ubuntu/hadoop/share/hadoop/common/lib/jackson-jaxrs-1.9.13.jar:/home/ubuntu/hadoop/share/hadoop/common/lib/jsch-0.1.55.jar:/home/ubuntu/hadoop/share/hadoop/common/lib/jetty-sslengine-6.1.26.jar:/home/ubuntu/hadoop/share/hadoop/common/lib/commons-beanutils-1.9.4.jar:/home/ubuntu/hadoop/share/hadoop/common/lib/httpclient-4.5.13.jar:/home/ubuntu/hadoop/share/hadoop/common/lib/snappy-java-1.0.5.jar:/home/ubuntu/hadoop/share/hadoop/common/lib/commons-math3-3.1.1.jar:/home/ubuntu/hadoop/share/hadoop/common/lib/xmlenc-0.52.jar:/home/ubuntu/hadoop/share/hadoop/common/lib/jetty-6.1.26.jar:/home/ubuntu/hadoop/share/hadoop/common/lib/nimbus-jose-jwt-7.9.jar:/home/ubuntu/hadoop/share/hadoop/common/lib/activation-1.1.jar:/home/ubuntu/hadoop/share/hadoop/common/lib/curator-framework-2.13.0.jar:/home/ubuntu/hadoop/share/hadoop/common/lib/jets3t-0.9.0.jar:/home/ubuntu/hadoop/share/hadoop/common/lib/jackson-xc-1.9.13.jar:/home/ubuntu/hadoop/share/hadoop/common/lib/apacheds-kerberos-codec-2.0.0-M15.jar:/home/ubuntu/hadoop/share/hadoop/common/lib/avro-1.7.7.jar:/home/ubuntu/hadoop/share/hadoop/common/lib/curator-recipes-2.13.0.jar:/home/ubuntu/hadoop/share/hadoop/common/lib/asm-3.2.jar:/home/ubuntu/hadoop/share/hadoop/common/lib/curator-client-2.13.0.jar:/home/ubuntu/hadoop/share/hadoop/common/lib/junit-4.13.2.jar:/home/ubuntu/hadoop/share/hadoop/common/lib/java-xmlbuilder-0.4.jar:/home/ubuntu/hadoop/share/hadoop/common/lib/gson-2.2.4.jar:/home/ubuntu/hadoop/share/hadoop/common/lib/json-smart-1.3.3.jar:/home/ubuntu/hadoop/share/hadoop/common/lib/guava-11.0.2.jar:/home/ubuntu/hadoop/share/hadoop/common/lib/apacheds-i18n-2.0.0-M15.jar:/home/ubuntu/hadoop/share/hadoop/common/lib/commons-digester-1.8.jar:/home/ubuntu/hadoop/share/hadoop/common/lib/servlet-api-2.5.jar:/home/ubuntu/hadoop/share/hadoop/common/lib/htrace-core4-4.1.0-incubating.jar:/home/ubuntu/hadoop/share/hadoop/common/lib/commons-io-2.5.jar:/home/ubuntu/hadoop/share/hadoop/common/lib/commons-lang3-3.4.jar:/home/ubuntu/hadoop/share/hadoop/common/lib/jaxb-api-2.2.2.jar:/home/ubuntu/hadoop/share/hadoop/common/lib/jersey-server-1.9.jar:/home/ubuntu/hadoop/share/hadoop/common/lib/slf4j-reload4j-1.7.36.jar:/home/ubuntu/hadoop/share/hadoop/common/lib/jackson-mapper-asl-1.9.13.jar:/home/ubuntu/hadoop/share/hadoop/common/lib/jersey-core-1.9.jar:/home/ubuntu/hadoop/share/hadoop/common/lib/slf4j-api-1.7.36.jar:/home/ubuntu/hadoop/share/hadoop/common/lib/stax-api-1.0-2.jar:/home/ubuntu/hadoop/share/hadoop/common/lib/hamcrest-core-1.3.jar:/home/ubuntu/hadoop/share/hadoop/common/lib/commons-lang-2.6.jar:/home/ubuntu/hadoop/share/hadoop/common/lib/mockito-all-1.8.5.jar:/home/ubuntu/hadoop/share/hadoop/common/lib/woodstox-core-5.3.0.jar:/home/ubuntu/hadoop/share/hadoop/common/lib/jettison-1.1.jar:/home/ubuntu/hadoop/share/hadoop/common/lib/hadoop-annotations-2.10.2.jar:/home/ubuntu/hadoop/share/hadoop/common/lib/protobuf-java-2.5.0.jar:/home/ubuntu/hadoop/share/hadoop/common/lib/jsp-api-2.1.jar:/home/ubuntu/hadoop/share/hadoop/common/lib/stax2-api-4.2.1.jar:/home/ubuntu/hadoop/share/hadoop/common/lib/commons-codec-1.4.jar:/home/ubuntu/hadoop/share/hadoop/common/lib/commons-net-3.1.jar:/home/ubuntu/hadoop/share/hadoop/common/lib/reload4j-1.2.18.3.jar:/home/ubuntu/hadoop/share/hadoop/common/lib/hadoop-auth-2.10.2.jar:/home/ubuntu/hadoop/share/hadoop/common/lib/jersey-json-1.9.jar:/home/ubuntu/hadoop/share/hadoop/common/lib/spotbugs-annotations-3.1.9.jar:/home/ubuntu/hadoop/share/hadoop/common/lib/jcip-annotations-1.0-1.jar:/home/ubuntu/hadoop/share/hadoop/common/lib/jsr305-3.0.2.jar:/home/ubuntu/hadoop/share/hadoop/common/lib/jetty-util-6.1.26.jar:/home/ubuntu/hadoop/share/hadoop/common/lib/commons-collections-3.2.2.jar:/home/ubuntu/hadoop/share/hadoop/common/lib/jackson-core-asl-1.9.13.jar:/home/ubuntu/hadoop/share/hadoop/common/lib/jaxb-impl-2.2.3-1.jar:/home/ubuntu/hadoop/share/hadoop/common/lib/zookeeper-3.4.14.jar:/home/ubuntu/hadoop/share/hadoop/common/lib/commons-cli-1.2.jar:/home/ubuntu/hadoop/share/hadoop/common/lib/httpcore-4.4.13.jar:/home/ubuntu/hadoop/share/hadoop/common/lib/commons-logging-1.1.3.jar:/home/ubuntu/hadoop/share/hadoop/common/lib/netty-3.10.6.Final.jar:/home/ubuntu/hadoop/share/hadoop/common/hadoop-nfs-2.10.2.jar:/home/ubuntu/hadoop/share/hadoop/common/hadoop-common-2.10.2.jar:/home/ubuntu/hadoop/share/hadoop/common/hadoop-common-2.10.2-tests.jar:/home/ubuntu/hadoop/share/hadoop/hdfs:/home/ubuntu/hadoop/share/hadoop/hdfs/lib/jackson-databind-2.9.10.7.jar:/home/ubuntu/hadoop/share/hadoop/hdfs/lib/jackson-core-2.9.10.jar:/home/ubuntu/hadoop/share/hadoop/hdfs/lib/xmlenc-0.52.jar:/home/ubuntu/hadoop/share/hadoop/hdfs/lib/jetty-6.1.26.jar:/home/ubuntu/hadoop/share/hadoop/hdfs/lib/hadoop-hdfs-client-2.10.2.jar:/home/ubuntu/hadoop/share/hadoop/hdfs/lib/asm-3.2.jar:/home/ubuntu/hadoop/share/hadoop/hdfs/lib/guava-11.0.2.jar:/home/ubuntu/hadoop/share/hadoop/hdfs/lib/servlet-api-2.5.jar:/home/ubuntu/hadoop/share/hadoop/hdfs/lib/htrace-core4-4.1.0-incubating.jar:/home/ubuntu/hadoop/share/hadoop/hdfs/lib/commons-io-2.5.jar:/home/ubuntu/hadoop/share/hadoop/hdfs/lib/leveldbjni-all-1.8.jar:/home/ubuntu/hadoop/share/hadoop/hdfs/lib/jersey-server-1.9.jar:/home/ubuntu/hadoop/share/hadoop/hdfs/lib/jackson-mapper-asl-1.9.13.jar:/home/ubuntu/hadoop/share/hadoop/hdfs/lib/jersey-core-1.9.jar:/home/ubuntu/hadoop/share/hadoop/hdfs/lib/okhttp-2.7.5.jar:/home/ubuntu/hadoop/share/hadoop/hdfs/lib/commons-lang-2.6.jar:/home/ubuntu/hadoop/share/hadoop/hdfs/lib/xercesImpl-2.12.0.jar:/home/ubuntu/hadoop/share/hadoop/hdfs/lib/netty-all-4.1.50.Final.jar:/home/ubuntu/hadoop/share/hadoop/hdfs/lib/protobuf-java-2.5.0.jar:/home/ubuntu/hadoop/share/hadoop/hdfs/lib/commons-daemon-1.0.13.jar:/home/ubuntu/hadoop/share/hadoop/hdfs/lib/okio-1.6.0.jar:/home/ubuntu/hadoop/share/hadoop/hdfs/lib/commons-codec-1.4.jar:/home/ubuntu/hadoop/share/hadoop/hdfs/lib/reload4j-1.2.18.3.jar:/home/ubuntu/hadoop/share/hadoop/hdfs/lib/jsr305-3.0.2.jar:/home/ubuntu/hadoop/share/hadoop/hdfs/lib/jetty-util-6.1.26.jar:/home/ubuntu/hadoop/share/hadoop/hdfs/lib/jackson-core-asl-1.9.13.jar:/home/ubuntu/hadoop/share/hadoop/hdfs/lib/commons-cli-1.2.jar:/home/ubuntu/hadoop/share/hadoop/hdfs/lib/xml-apis-1.4.01.jar:/home/ubuntu/hadoop/share/hadoop/hdfs/lib/jackson-annotations-2.9.10.jar:/home/ubuntu/hadoop/share/hadoop/hdfs/lib/commons-logging-1.1.3.jar:/home/ubuntu/hadoop/share/hadoop/hdfs/lib/netty-3.10.6.Final.jar:/home/ubuntu/hadoop/share/hadoop/hdfs/hadoop-hdfs-2.10.2.jar:/home/ubuntu/hadoop/share/hadoop/hdfs/hadoop-hdfs-nfs-2.10.2.jar:/home/ubuntu/hadoop/share/hadoop/hdfs/hadoop-hdfs-2.10.2-tests.jar:/home/ubuntu/hadoop/share/hadoop/hdfs/hadoop-hdfs-native-client-2.10.2.jar:/home/ubuntu/hadoop/share/hadoop/hdfs/hadoop-hdfs-client-2.10.2.jar:/home/ubuntu/hadoop/share/hadoop/hdfs/hadoop-hdfs-native-client-2.10.2-tests.jar:/home/ubuntu/hadoop/share/hadoop/hdfs/hadoop-hdfs-rbf-2.10.2-tests.jar:/home/ubuntu/hadoop/share/hadoop/hdfs/hadoop-hdfs-client-2.10.2-tests.jar:/home/ubuntu/hadoop/share/hadoop/hdfs/hadoop-hdfs-rbf-2.10.2.jar:/home/ubuntu/hadoop/share/hadoop/yarn:/home/ubuntu/hadoop/share/hadoop/yarn/lib/metrics-core-3.0.1.jar:/home/ubuntu/hadoop/share/hadoop/yarn/lib/aopalliance-1.0.jar:/home/ubuntu/hadoop/share/hadoop/yarn/lib/commons-configuration-1.6.jar:/home/ubuntu/hadoop/share/hadoop/yarn/lib/ehcache-3.3.1.jar:/home/ubuntu/hadoop/share/hadoop/yarn/lib/api-asn1-api-1.0.0-M20.jar:/home/ubuntu/hadoop/share/hadoop/yarn/lib/audience-annotations-0.5.0.jar:/home/ubuntu/hadoop/share/hadoop/yarn/lib/api-util-1.0.0-M20.jar:/home/ubuntu/hadoop/share/hadoop/yarn/lib/commons-compress-1.21.jar:/home/ubuntu/hadoop/share/hadoop/yarn/lib/paranamer-2.3.jar:/home/ubuntu/hadoop/share/hadoop/yarn/lib/jackson-jaxrs-1.9.13.jar:/home/ubuntu/hadoop/share/hadoop/yarn/lib/jsch-0.1.55.jar:/home/ubuntu/hadoop/share/hadoop/yarn/lib/jetty-sslengine-6.1.26.jar:/home/ubuntu/hadoop/share/hadoop/yarn/lib/fst-2.50.jar:/home/ubuntu/hadoop/share/hadoop/yarn/lib/commons-beanutils-1.9.4.jar:/home/ubuntu/hadoop/share/hadoop/yarn/lib/httpclient-4.5.13.jar:/home/ubuntu/hadoop/share/hadoop/yarn/lib/snappy-java-1.0.5.jar:/home/ubuntu/hadoop/share/hadoop/yarn/lib/commons-math3-3.1.1.jar:/home/ubuntu/hadoop/share/hadoop/yarn/lib/guice-3.0.jar:/home/ubuntu/hadoop/share/hadoop/yarn/lib/xmlenc-0.52.jar:/home/ubuntu/hadoop/share/hadoop/yarn/lib/jetty-6.1.26.jar:/home/ubuntu/hadoop/share/hadoop/yarn/lib/nimbus-jose-jwt-7.9.jar:/home/ubuntu/hadoop/share/hadoop/yarn/lib/activation-1.1.jar:/home/ubuntu/hadoop/share/hadoop/yarn/lib/jersey-guice-1.9.jar:/home/ubuntu/hadoop/share/hadoop/yarn/lib/curator-framework-2.13.0.jar:/home/ubuntu/hadoop/share/hadoop/yarn/lib/jets3t-0.9.0.jar:/home/ubuntu/hadoop/share/hadoop/yarn/lib/jackson-xc-1.9.13.jar:/home/ubuntu/hadoop/share/hadoop/yarn/lib/apacheds-kerberos-codec-2.0.0-M15.jar:/home/ubuntu/hadoop/share/hadoop/yarn/lib/avro-1.7.7.jar:/home/ubuntu/hadoop/share/hadoop/yarn/lib/curator-recipes-2.13.0.jar:/home/ubuntu/hadoop/share/hadoop/yarn/lib/asm-3.2.jar:/home/ubuntu/hadoop/share/hadoop/yarn/lib/curator-client-2.13.0.jar:/home/ubuntu/hadoop/share/hadoop/yarn/lib/java-xmlbuilder-0.4.jar:/home/ubuntu/hadoop/share/hadoop/yarn/lib/javax.inject-1.jar:/home/ubuntu/hadoop/share/hadoop/yarn/lib/gson-2.2.4.jar:/home/ubuntu/hadoop/share/hadoop/yarn/lib/json-smart-1.3.3.jar:/home/ubuntu/hadoop/share/hadoop/yarn/lib/guava-11.0.2.jar:/home/ubuntu/hadoop/share/hadoop/yarn/lib/apacheds-i18n-2.0.0-M15.jar:/home/ubuntu/hadoop/share/hadoop/yarn/lib/commons-digester-1.8.jar:/home/ubuntu/hadoop/share/hadoop/yarn/lib/servlet-api-2.5.jar:/home/ubuntu/hadoop/share/hadoop/yarn/lib/htrace-core4-4.1.0-incubating.jar:/home/ubuntu/hadoop/share/hadoop/yarn/lib/commons-io-2.5.jar:/home/ubuntu/hadoop/share/hadoop/yarn/lib/commons-lang3-3.4.jar:/home/ubuntu/hadoop/share/hadoop/yarn/lib/leveldbjni-all-1.8.jar:/home/ubuntu/hadoop/share/hadoop/yarn/lib/jaxb-api-2.2.2.jar:/home/ubuntu/hadoop/share/hadoop/yarn/lib/jersey-server-1.9.jar:/home/ubuntu/hadoop/share/hadoop/yarn/lib/json-io-2.5.1.jar:/home/ubuntu/hadoop/share/hadoop/yarn/lib/mssql-jdbc-6.2.1.jre7.jar:/home/ubuntu/hadoop/share/hadoop/yarn/lib/jackson-mapper-asl-1.9.13.jar:/home/ubuntu/hadoop/share/hadoop/yarn/lib/jersey-core-1.9.jar:/home/ubuntu/hadoop/share/hadoop/yarn/lib/stax-api-1.0-2.jar:/home/ubuntu/hadoop/share/hadoop/yarn/lib/commons-lang-2.6.jar:/home/ubuntu/hadoop/share/hadoop/yarn/lib/java-util-1.9.0.jar:/home/ubuntu/hadoop/share/hadoop/yarn/lib/woodstox-core-5.3.0.jar:/home/ubuntu/hadoop/share/hadoop/yarn/lib/geronimo-jcache_1.0_spec-1.0-alpha-1.jar:/home/ubuntu/hadoop/share/hadoop/yarn/lib/guice-servlet-3.0.jar:/home/ubuntu/hadoop/share/hadoop/yarn/lib/jettison-1.1.jar:/home/ubuntu/hadoop/share/hadoop/yarn/lib/protobuf-java-2.5.0.jar:/home/ubuntu/hadoop/share/hadoop/yarn/lib/jsp-api-2.1.jar:/home/ubuntu/hadoop/share/hadoop/yarn/lib/stax2-api-4.2.1.jar:/home/ubuntu/hadoop/share/hadoop/yarn/lib/commons-codec-1.4.jar:/home/ubuntu/hadoop/share/hadoop/yarn/lib/commons-net-3.1.jar:/home/ubuntu/hadoop/share/hadoop/yarn/lib/reload4j-1.2.18.3.jar:/home/ubuntu/hadoop/share/hadoop/yarn/lib/jersey-json-1.9.jar:/home/ubuntu/hadoop/share/hadoop/yarn/lib/spotbugs-annotations-3.1.9.jar:/home/ubuntu/hadoop/share/hadoop/yarn/lib/jcip-annotations-1.0-1.jar:/home/ubuntu/hadoop/share/hadoop/yarn/lib/jersey-client-1.9.jar:/home/ubuntu/hadoop/share/hadoop/yarn/lib/jsr305-3.0.2.jar:/home/ubuntu/hadoop/share/hadoop/yarn/lib/HikariCP-java7-2.4.12.jar:/home/ubuntu/hadoop/share/hadoop/yarn/lib/jetty-util-6.1.26.jar:/home/ubuntu/hadoop/share/hadoop/yarn/lib/commons-collections-3.2.2.jar:/home/ubuntu/hadoop/share/hadoop/yarn/lib/jackson-core-asl-1.9.13.jar:/home/ubuntu/hadoop/share/hadoop/yarn/lib/jaxb-impl-2.2.3-1.jar:/home/ubuntu/hadoop/share/hadoop/yarn/lib/zookeeper-3.4.14.jar:/home/ubuntu/hadoop/share/hadoop/yarn/lib/commons-cli-1.2.jar:/home/ubuntu/hadoop/share/hadoop/yarn/lib/httpcore-4.4.13.jar:/home/ubuntu/hadoop/share/hadoop/yarn/lib/commons-logging-1.1.3.jar:/home/ubuntu/hadoop/share/hadoop/yarn/lib/netty-3.10.6.Final.jar:/home/ubuntu/hadoop/share/hadoop/yarn/hadoop-yarn-api-2.10.2.jar:/home/ubuntu/hadoop/share/hadoop/yarn/hadoop-yarn-server-router-2.10.2.jar:/home/ubuntu/hadoop/share/hadoop/yarn/hadoop-yarn-client-2.10.2.jar:/home/ubuntu/hadoop/share/hadoop/yarn/hadoop-yarn-applications-unmanaged-am-launcher-2.10.2.jar:/home/ubuntu/hadoop/share/hadoop/yarn/hadoop-yarn-server-nodemanager-2.10.2.jar:/home/ubuntu/hadoop/share/hadoop/yarn/hadoop-yarn-server-web-proxy-2.10.2.jar:/home/ubuntu/hadoop/share/hadoop/yarn/hadoop-yarn-server-tests-2.10.2.jar:/home/ubuntu/hadoop/share/hadoop/yarn/hadoop-yarn-server-timeline-pluginstorage-2.10.2.jar:/home/ubuntu/hadoop/share/hadoop/yarn/hadoop-yarn-common-2.10.2.jar:/home/ubuntu/hadoop/share/hadoop/yarn/hadoop-yarn-server-resourcemanager-2.10.2.jar:/home/ubuntu/hadoop/share/hadoop/yarn/hadoop-yarn-server-sharedcachemanager-2.10.2.jar:/home/ubuntu/hadoop/share/hadoop/yarn/hadoop-yarn-server-applicationhistoryservice-2.10.2.jar:/home/ubuntu/hadoop/share/hadoop/yarn/hadoop-yarn-server-common-2.10.2.jar:/home/ubuntu/hadoop/share/hadoop/yarn/hadoop-yarn-registry-2.10.2.jar:/home/ubuntu/hadoop/share/hadoop/yarn/hadoop-yarn-applications-distributedshell-2.10.2.jar:/home/ubuntu/hadoop/share/hadoop/mapreduce/lib/aopalliance-1.0.jar:/home/ubuntu/hadoop/share/hadoop/mapreduce/lib/commons-compress-1.21.jar:/home/ubuntu/hadoop/share/hadoop/mapreduce/lib/paranamer-2.3.jar:/home/ubuntu/hadoop/share/hadoop/mapreduce/lib/snappy-java-1.0.5.jar:/home/ubuntu/hadoop/share/hadoop/mapreduce/lib/guice-3.0.jar:/home/ubuntu/hadoop/share/hadoop/mapreduce/lib/jersey-guice-1.9.jar:/home/ubuntu/hadoop/share/hadoop/mapreduce/lib/avro-1.7.7.jar:/home/ubuntu/hadoop/share/hadoop/mapreduce/lib/asm-3.2.jar:/home/ubuntu/hadoop/share/hadoop/mapreduce/lib/junit-4.13.2.jar:/home/ubuntu/hadoop/share/hadoop/mapreduce/lib/javax.inject-1.jar:/home/ubuntu/hadoop/share/hadoop/mapreduce/lib/commons-io-2.5.jar:/home/ubuntu/hadoop/share/hadoop/mapreduce/lib/leveldbjni-all-1.8.jar:/home/ubuntu/hadoop/share/hadoop/mapreduce/lib/jersey-server-1.9.jar:/home/ubuntu/hadoop/share/hadoop/mapreduce/lib/jackson-mapper-asl-1.9.13.jar:/home/ubuntu/hadoop/share/hadoop/mapreduce/lib/jersey-core-1.9.jar:/home/ubuntu/hadoop/share/hadoop/mapreduce/lib/hamcrest-core-1.3.jar:/home/ubuntu/hadoop/share/hadoop/mapreduce/lib/guice-servlet-3.0.jar:/home/ubuntu/hadoop/share/hadoop/mapreduce/lib/hadoop-annotations-2.10.2.jar:/home/ubuntu/hadoop/share/hadoop/mapreduce/lib/protobuf-java-2.5.0.jar:/home/ubuntu/hadoop/share/hadoop/mapreduce/lib/reload4j-1.2.18.3.jar:/home/ubuntu/hadoop/share/hadoop/mapreduce/lib/jackson-core-asl-1.9.13.jar:/home/ubuntu/hadoop/share/hadoop/mapreduce/lib/netty-3.10.6.Final.jar:/home/ubuntu/hadoop/share/hadoop/mapreduce/hadoop-mapreduce-client-core-2.10.2.jar:/home/ubuntu/hadoop/share/hadoop/mapreduce/hadoop-mapreduce-client-shuffle-2.10.2.jar:/home/ubuntu/hadoop/share/hadoop/mapreduce/hadoop-mapreduce-client-jobclient-2.10.2-tests.jar:/home/ubuntu/hadoop/share/hadoop/mapreduce/hadoop-mapreduce-client-jobclient-2.10.2.jar:/home/ubuntu/hadoop/share/hadoop/mapreduce/hadoop-mapreduce-client-common-2.10.2.jar:/home/ubuntu/hadoop/share/hadoop/mapreduce/hadoop-mapreduce-client-hs-2.10.2.jar:/home/ubuntu/hadoop/share/hadoop/mapreduce/hadoop-mapreduce-client-hs-plugins-2.10.2.jar:/home/ubuntu/hadoop/share/hadoop/mapreduce/hadoop-mapreduce-examples-2.10.2.jar:/home/ubuntu/hadoop/share/hadoop/mapreduce/hadoop-mapreduce-client-app-2.10.2.jar:/contrib/capacity-scheduler/*.jar:/contrib/capacity-scheduler/*.jar:/contrib/capacity-scheduler/*.jar
STARTUP_MSG:   build = Unknown -r 965fd380006fa78b2315668fbc7eb432e1d8200f; compiled by 'ubuntu' on 2022-05-24T22:35Z
STARTUP_MSG:   java = 1.8.0_392
************************************************************/
2024-03-04 17:46:20,677 INFO org.apache.hadoop.hdfs.server.namenode.NameNode: registered UNIX signal handlers for [TERM, HUP, INT]
2024-03-04 17:46:20,784 INFO org.apache.hadoop.hdfs.server.namenode.NameNode: createNameNode []
2024-03-04 17:46:20,931 INFO org.apache.hadoop.metrics2.impl.MetricsConfig: loaded properties from hadoop-metrics2.properties
2024-03-04 17:46:21,146 INFO org.apache.hadoop.metrics2.impl.MetricsSystemImpl: Scheduled Metric snapshot period at 10 second(s).
2024-03-04 17:46:21,146 INFO org.apache.hadoop.metrics2.impl.MetricsSystemImpl: NameNode metrics system started
2024-03-04 17:46:21,178 INFO org.apache.hadoop.hdfs.server.namenode.NameNode: fs.defaultFS is hdfs://172.31.28.105:9000
2024-03-04 17:46:21,180 INFO org.apache.hadoop.hdfs.server.namenode.NameNode: Clients are to use 172.31.28.105:9000 to access this namenode/service.
2024-03-04 17:46:21,396 INFO org.apache.hadoop.util.JvmPauseMonitor: Starting JVM pause monitor
2024-03-04 17:46:21,404 INFO org.apache.hadoop.hdfs.DFSUtil: Starting Web-server for hdfs at: http://0.0.0.0:50070
2024-03-04 17:46:21,476 INFO org.mortbay.log: Logging to org.slf4j.impl.Reload4jLoggerAdapter(org.mortbay.log) via org.mortbay.log.Slf4jLog
2024-03-04 17:46:21,508 INFO org.apache.hadoop.security.authentication.server.AuthenticationFilter: Unable to initialize FileSignerSecretProvider, falling back to use random secrets.
2024-03-04 17:46:21,524 INFO org.apache.hadoop.http.HttpRequestLog: Http request log for http.requests.namenode is not defined
2024-03-04 17:46:21,531 INFO org.apache.hadoop.http.HttpServer2: Added global filter 'safety' (class=org.apache.hadoop.http.HttpServer2$QuotingInputFilter)
2024-03-04 17:46:21,533 INFO org.apache.hadoop.http.HttpServer2: Added filter static_user_filter (class=org.apache.hadoop.http.lib.StaticUserWebFilter$StaticUserFilter) to context hdfs
2024-03-04 17:46:21,534 INFO org.apache.hadoop.http.HttpServer2: Added filter static_user_filter (class=org.apache.hadoop.http.lib.StaticUserWebFilter$StaticUserFilter) to context static
2024-03-04 17:46:21,534 INFO org.apache.hadoop.http.HttpServer2: Added filter static_user_filter (class=org.apache.hadoop.http.lib.StaticUserWebFilter$StaticUserFilter) to context logs
2024-03-04 17:46:21,685 INFO org.apache.hadoop.http.HttpServer2: Added filter 'org.apache.hadoop.hdfs.web.AuthFilter' (class=org.apache.hadoop.hdfs.web.AuthFilter)
2024-03-04 17:46:21,685 INFO org.apache.hadoop.http.HttpServer2: addJerseyResourcePackage: packageName=org.apache.hadoop.hdfs.server.namenode.web.resources;org.apache.hadoop.hdfs.web.resources, pathSpec=/webhdfs/v1/*
2024-03-04 17:46:21,712 INFO org.apache.hadoop.http.HttpServer2: Jetty bound to port 50070
2024-03-04 17:46:21,713 INFO org.mortbay.log: jetty-6.1.26
2024-03-04 17:46:22,014 INFO org.mortbay.log: Started HttpServer2$SelectChannelConnectorWithSafeStartup@0.0.0.0:50070
2024-03-04 17:46:22,357 WARN org.apache.hadoop.hdfs.server.namenode.FSNamesystem: Only one image storage directory (dfs.namenode.name.dir) configured. Beware of data loss due to lack of redundant storage directories!
2024-03-04 17:46:22,357 WARN org.apache.hadoop.hdfs.server.namenode.FSNamesystem: Only one namespace edits storage directory (dfs.namenode.edits.dir) configured. Beware of data loss due to lack of redundant storage directories!
2024-03-04 17:46:22,409 INFO org.apache.hadoop.hdfs.server.namenode.FSEditLog: Edit logging is async:true
2024-03-04 17:46:22,443 INFO org.apache.hadoop.hdfs.server.namenode.FSNamesystem: KeyProvider: null
2024-03-04 17:46:22,445 INFO org.apache.hadoop.hdfs.server.namenode.FSNamesystem: fsLock is fair: true
2024-03-04 17:46:22,445 INFO org.apache.hadoop.hdfs.server.namenode.FSNamesystem: Detailed lock hold time metrics enabled: false
2024-03-04 17:46:22,450 INFO org.apache.hadoop.hdfs.server.namenode.FSNamesystem: fsOwner             = ubuntu (auth:SIMPLE)
2024-03-04 17:46:22,450 INFO org.apache.hadoop.hdfs.server.namenode.FSNamesystem: supergroup          = supergroup
2024-03-04 17:46:22,450 INFO org.apache.hadoop.hdfs.server.namenode.FSNamesystem: isPermissionEnabled = true
2024-03-04 17:46:22,450 INFO org.apache.hadoop.hdfs.server.namenode.FSNamesystem: HA Enabled: false
2024-03-04 17:46:22,486 INFO org.apache.hadoop.hdfs.server.common.Util: dfs.datanode.fileio.profiling.sampling.percentage set to 0. Disabling file IO profiling
2024-03-04 17:46:22,515 INFO org.apache.hadoop.hdfs.server.blockmanagement.DatanodeManager: dfs.block.invalidate.limit: configured=1000, counted=60, effected=1000
2024-03-04 17:46:22,515 INFO org.apache.hadoop.hdfs.server.blockmanagement.DatanodeManager: dfs.namenode.datanode.registration.ip-hostname-check=true
2024-03-04 17:46:22,518 INFO org.apache.hadoop.hdfs.server.blockmanagement.BlockManager: dfs.namenode.startup.delay.block.deletion.sec is set to 000:00:00:00.000
2024-03-04 17:46:22,519 INFO org.apache.hadoop.hdfs.server.blockmanagement.BlockManager: The block deletion will start around 2024 Mar 04 17:46:22
2024-03-04 17:46:22,521 INFO org.apache.hadoop.util.GSet: Computing capacity for map BlocksMap
2024-03-04 17:46:22,521 INFO org.apache.hadoop.util.GSet: VM type       = 64-bit
2024-03-04 17:46:22,522 INFO org.apache.hadoop.util.GSet: 2.0% max memory 889 MB = 17.8 MB
2024-03-04 17:46:22,522 INFO org.apache.hadoop.util.GSet: capacity      = 2^21 = 2097152 entries
2024-03-04 17:46:22,529 INFO org.apache.hadoop.hdfs.server.blockmanagement.BlockManager: dfs.block.access.token.enable=false
2024-03-04 17:46:22,529 WARN org.apache.hadoop.conf.Configuration: No unit for dfs.heartbeat.interval(3) assuming SECONDS
2024-03-04 17:46:22,533 WARN org.apache.hadoop.conf.Configuration: No unit for dfs.namenode.safemode.extension(30000) assuming MILLISECONDS
2024-03-04 17:46:22,534 INFO org.apache.hadoop.hdfs.server.blockmanagement.BlockManagerSafeMode: dfs.namenode.safemode.threshold-pct = 0.9990000128746033
2024-03-04 17:46:22,534 INFO org.apache.hadoop.hdfs.server.blockmanagement.BlockManagerSafeMode: dfs.namenode.safemode.min.datanodes = 0
2024-03-04 17:46:22,534 INFO org.apache.hadoop.hdfs.server.blockmanagement.BlockManagerSafeMode: dfs.namenode.safemode.extension = 30000
2024-03-04 17:46:22,534 INFO org.apache.hadoop.hdfs.server.blockmanagement.BlockManager: defaultReplication         = 2
2024-03-04 17:46:22,534 INFO org.apache.hadoop.hdfs.server.blockmanagement.BlockManager: maxReplication             = 512
2024-03-04 17:46:22,534 INFO org.apache.hadoop.hdfs.server.blockmanagement.BlockManager: minReplication             = 1
2024-03-04 17:46:22,534 INFO org.apache.hadoop.hdfs.server.blockmanagement.BlockManager: maxReplicationStreams      = 2
2024-03-04 17:46:22,534 INFO org.apache.hadoop.hdfs.server.blockmanagement.BlockManager: replicationRecheckInterval = 3000
2024-03-04 17:46:22,534 INFO org.apache.hadoop.hdfs.server.blockmanagement.BlockManager: encryptDataTransfer        = false
2024-03-04 17:46:22,534 INFO org.apache.hadoop.hdfs.server.blockmanagement.BlockManager: maxNumBlocksToLog          = 1000
2024-03-04 17:46:22,535 INFO org.apache.hadoop.hdfs.server.namenode.FSNamesystem: Append Enabled: true
2024-03-04 17:46:22,551 INFO org.apache.hadoop.hdfs.server.namenode.FSDirectory: GLOBAL serial map: bits=24 maxEntries=16777215
2024-03-04 17:46:22,565 INFO org.apache.hadoop.util.GSet: Computing capacity for map INodeMap
2024-03-04 17:46:22,565 INFO org.apache.hadoop.util.GSet: VM type       = 64-bit
2024-03-04 17:46:22,565 INFO org.apache.hadoop.util.GSet: 1.0% max memory 889 MB = 8.9 MB
2024-03-04 17:46:22,565 INFO org.apache.hadoop.util.GSet: capacity      = 2^20 = 1048576 entries
2024-03-04 17:46:22,566 INFO org.apache.hadoop.hdfs.server.namenode.FSDirectory: ACLs enabled? false
2024-03-04 17:46:22,566 INFO org.apache.hadoop.hdfs.server.namenode.FSDirectory: XAttrs enabled? true
2024-03-04 17:46:22,566 INFO org.apache.hadoop.hdfs.server.namenode.NameNode: Caching file names occurring more than 10 times
2024-03-04 17:46:22,569 INFO org.apache.hadoop.hdfs.server.namenode.snapshot.SnapshotManager: Loaded config captureOpenFiles: falseskipCaptureAccessTimeOnlyChange: false
2024-03-04 17:46:22,574 INFO org.apache.hadoop.util.GSet: Computing capacity for map cachedBlocks
2024-03-04 17:46:22,574 INFO org.apache.hadoop.util.GSet: VM type       = 64-bit
2024-03-04 17:46:22,575 INFO org.apache.hadoop.util.GSet: 0.25% max memory 889 MB = 2.2 MB
2024-03-04 17:46:22,575 INFO org.apache.hadoop.util.GSet: capacity      = 2^18 = 262144 entries
2024-03-04 17:46:22,578 INFO org.apache.hadoop.hdfs.server.namenode.top.metrics.TopMetrics: NNTop conf: dfs.namenode.top.window.num.buckets = 10
2024-03-04 17:46:22,578 INFO org.apache.hadoop.hdfs.server.namenode.top.metrics.TopMetrics: NNTop conf: dfs.namenode.top.num.users = 10
2024-03-04 17:46:22,578 INFO org.apache.hadoop.hdfs.server.namenode.top.metrics.TopMetrics: NNTop conf: dfs.namenode.top.windows.minutes = 1,5,25
2024-03-04 17:46:22,582 INFO org.apache.hadoop.hdfs.server.namenode.FSNamesystem: Retry cache on namenode is enabled
2024-03-04 17:46:22,582 INFO org.apache.hadoop.hdfs.server.namenode.FSNamesystem: Retry cache will use 0.03 of total heap and retry cache entry expiry time is 600000 millis
2024-03-04 17:46:22,584 INFO org.apache.hadoop.util.GSet: Computing capacity for map NameNodeRetryCache
2024-03-04 17:46:22,584 INFO org.apache.hadoop.util.GSet: VM type       = 64-bit
2024-03-04 17:46:22,585 INFO org.apache.hadoop.util.GSet: 0.029999999329447746% max memory 889 MB = 273.1 KB
2024-03-04 17:46:22,585 INFO org.apache.hadoop.util.GSet: capacity      = 2^15 = 32768 entries
2024-03-04 17:46:22,602 INFO org.apache.hadoop.hdfs.server.common.Storage: Lock on /home/ubuntu/hadoop/data/hdfs/namenode/in_use.lock acquired by nodename 1472@ip-172-31-28-105.eu-north-1.compute.internal
2024-03-04 17:46:22,624 INFO org.apache.hadoop.hdfs.server.namenode.FileJournalManager: Recovering unfinalized segments in /home/ubuntu/hadoop/data/hdfs/namenode/current
2024-03-04 17:46:22,625 INFO org.apache.hadoop.hdfs.server.namenode.FSImage: No edit log streams selected.
2024-03-04 17:46:22,625 INFO org.apache.hadoop.hdfs.server.namenode.FSImage: Planning to load image: FSImageFile(file=/home/ubuntu/hadoop/data/hdfs/namenode/current/fsimage_0000000000000000000, cpktTxId=0000000000000000000)
2024-03-04 17:46:22,671 INFO org.apache.hadoop.hdfs.server.namenode.FSImageFormatPBINode: Loading 1 INodes.
2024-03-04 17:46:22,691 INFO org.apache.hadoop.hdfs.server.namenode.FSImageFormatPBINode: Successfully loaded 1 inodes
2024-03-04 17:46:22,705 INFO org.apache.hadoop.hdfs.server.namenode.FSImageFormatProtobuf: Loaded FSImage in 0 seconds.
2024-03-04 17:46:22,705 INFO org.apache.hadoop.hdfs.server.namenode.FSImage: Loaded image for txid 0 from /home/ubuntu/hadoop/data/hdfs/namenode/current/fsimage_0000000000000000000
2024-03-04 17:46:22,711 INFO org.apache.hadoop.hdfs.server.namenode.FSNamesystem: Need to save fs image? false (staleImage=false, haEnabled=false, isRollingUpgrade=false)
2024-03-04 17:46:22,711 INFO org.apache.hadoop.hdfs.server.namenode.FSEditLog: Starting log segment at 1
2024-03-04 17:46:22,890 INFO org.apache.hadoop.hdfs.server.namenode.NameCache: initialized with 0 entries 0 lookups
2024-03-04 17:46:22,890 INFO org.apache.hadoop.hdfs.server.namenode.FSNamesystem: Finished loading FSImage in 302 msecs
2024-03-04 17:46:23,255 INFO org.apache.hadoop.hdfs.server.namenode.NameNode: RPC server is binding to ip-172-31-28-105.eu-north-1.compute.internal:9000
2024-03-04 17:46:23,255 INFO org.apache.hadoop.hdfs.server.namenode.NameNode: Enable NameNode state context:false
2024-03-04 17:46:23,264 INFO org.apache.hadoop.ipc.CallQueueManager: Using callQueue: class java.util.concurrent.LinkedBlockingQueue queueCapacity: 1000 scheduler: class org.apache.hadoop.ipc.DefaultRpcScheduler
2024-03-04 17:46:23,276 INFO org.apache.hadoop.ipc.Server: Starting Socket Reader #1 for port 9000
2024-03-04 17:46:23,380 INFO org.apache.hadoop.hdfs.server.namenode.FSNamesystem: Registered FSNamesystemState MBean
2024-03-04 17:46:23,397 INFO org.apache.hadoop.hdfs.server.namenode.LeaseManager: Number of blocks under construction: 0
2024-03-04 17:46:23,410 INFO org.apache.hadoop.hdfs.server.blockmanagement.BlockManager: initializing replication queues
2024-03-04 17:46:23,413 INFO org.apache.hadoop.hdfs.StateChange: STATE* Leaving safe mode after 0 secs
2024-03-04 17:46:23,413 INFO org.apache.hadoop.hdfs.StateChange: STATE* Network topology has 0 racks and 0 datanodes
2024-03-04 17:46:23,413 INFO org.apache.hadoop.hdfs.StateChange: STATE* UnderReplicatedBlocks has 0 blocks
2024-03-04 17:46:23,433 INFO org.apache.hadoop.hdfs.server.blockmanagement.BlockManager: Total number of blocks            = 0
2024-03-04 17:46:23,433 INFO org.apache.hadoop.hdfs.server.blockmanagement.BlockManager: Number of invalid blocks          = 0
2024-03-04 17:46:23,433 INFO org.apache.hadoop.hdfs.server.blockmanagement.BlockManager: Number of under-replicated blocks = 0
2024-03-04 17:46:23,433 INFO org.apache.hadoop.hdfs.server.blockmanagement.BlockManager: Number of  over-replicated blocks = 0
2024-03-04 17:46:23,434 INFO org.apache.hadoop.hdfs.server.blockmanagement.BlockManager: Number of blocks being written    = 0
2024-03-04 17:46:23,434 INFO org.apache.hadoop.hdfs.StateChange: STATE* Replication Queue initialization scan for invalid, over- and under-replicated blocks completed in 17 msec
2024-03-04 17:46:23,451 INFO org.apache.hadoop.ipc.Server: IPC Server Responder: starting
2024-03-04 17:46:23,452 INFO org.apache.hadoop.ipc.Server: IPC Server listener on 9000: starting
2024-03-04 17:46:23,453 INFO org.apache.hadoop.hdfs.server.namenode.NameNode: NameNode RPC up at: ip-172-31-28-105.eu-north-1.compute.internal/172.31.28.105:9000
2024-03-04 17:46:23,456 INFO org.apache.hadoop.hdfs.server.namenode.FSNamesystem: Starting services required for active state
2024-03-04 17:46:23,456 INFO org.apache.hadoop.hdfs.server.namenode.FSDirectory: Initializing quota with 4 thread(s)
2024-03-04 17:46:23,461 INFO org.apache.hadoop.hdfs.server.namenode.FSDirectory: Quota initialization completed in 4 milliseconds
name space=1
storage space=0
storage types=RAM_DISK=0, SSD=0, DISK=0, ARCHIVE=0
2024-03-04 17:46:23,464 INFO org.apache.hadoop.hdfs.server.blockmanagement.CacheReplicationMonitor: Starting CacheReplicationMonitor with interval 30000 milliseconds
2024-03-04 17:46:59,665 ERROR org.apache.hadoop.hdfs.server.namenode.NameNode: RECEIVED SIGNAL 15: SIGTERM
2024-03-04 17:46:59,667 INFO org.apache.hadoop.hdfs.server.namenode.NameNode: SHUTDOWN_MSG: 
/************************************************************
SHUTDOWN_MSG: Shutting down NameNode at ip-172-31-28-105.eu-north-1.compute.internal/172.31.28.105
************************************************************/
