2024-03-04 17:46:43,726 INFO org.apache.hadoop.mapreduce.v2.hs.JobHistoryServer: STARTUP_MSG: 
/************************************************************
STARTUP_MSG: Starting JobHistoryServer
STARTUP_MSG:   host = ip-172-31-28-105.eu-north-1.compute.internal/172.31.28.105
STARTUP_MSG:   args = []
STARTUP_MSG:   version = 2.10.2
STARTUP_MSG:   classpath = /home/ubuntu/hadoop/etc/hadoop:/home/ubuntu/hadoop/share/hadoop/common/lib/commons-configuration-1.6.jar:/home/ubuntu/hadoop/share/hadoop/common/lib/api-asn1-api-1.0.0-M20.jar:/home/ubuntu/hadoop/share/hadoop/common/lib/audience-annotations-0.5.0.jar:/home/ubuntu/hadoop/share/hadoop/common/lib/api-util-1.0.0-M20.jar:/home/ubuntu/hadoop/share/hadoop/common/lib/commons-compress-1.21.jar:/home/ubuntu/hadoop/share/hadoop/common/lib/paranamer-2.3.jar:/home/ubuntu/hadoop/share/hadoop/common/lib/jackson-jaxrs-1.9.13.jar:/home/ubuntu/hadoop/share/hadoop/common/lib/jsch-0.1.55.jar:/home/ubuntu/hadoop/share/hadoop/common/lib/jetty-sslengine-6.1.26.jar:/home/ubuntu/hadoop/share/hadoop/common/lib/commons-beanutils-1.9.4.jar:/home/ubuntu/hadoop/share/hadoop/common/lib/httpclient-4.5.13.jar:/home/ubuntu/hadoop/share/hadoop/common/lib/snappy-java-1.0.5.jar:/home/ubuntu/hadoop/share/hadoop/common/lib/commons-math3-3.1.1.jar:/home/ubuntu/hadoop/share/hadoop/common/lib/xmlenc-0.52.jar:/home/ubuntu/hadoop/share/hadoop/common/lib/jetty-6.1.26.jar:/home/ubuntu/hadoop/share/hadoop/common/lib/nimbus-jose-jwt-7.9.jar:/home/ubuntu/hadoop/share/hadoop/common/lib/activation-1.1.jar:/home/ubuntu/hadoop/share/hadoop/common/lib/curator-framework-2.13.0.jar:/home/ubuntu/hadoop/share/hadoop/common/lib/jets3t-0.9.0.jar:/home/ubuntu/hadoop/share/hadoop/common/lib/jackson-xc-1.9.13.jar:/home/ubuntu/hadoop/share/hadoop/common/lib/apacheds-kerberos-codec-2.0.0-M15.jar:/home/ubuntu/hadoop/share/hadoop/common/lib/avro-1.7.7.jar:/home/ubuntu/hadoop/share/hadoop/common/lib/curator-recipes-2.13.0.jar:/home/ubuntu/hadoop/share/hadoop/common/lib/asm-3.2.jar:/home/ubuntu/hadoop/share/hadoop/common/lib/curator-client-2.13.0.jar:/home/ubuntu/hadoop/share/hadoop/common/lib/junit-4.13.2.jar:/home/ubuntu/hadoop/share/hadoop/common/lib/java-xmlbuilder-0.4.jar:/home/ubuntu/hadoop/share/hadoop/common/lib/gson-2.2.4.jar:/home/ubuntu/hadoop/share/hadoop/common/lib/json-smart-1.3.3.jar:/home/ubuntu/hadoop/share/hadoop/common/lib/guava-11.0.2.jar:/home/ubuntu/hadoop/share/hadoop/common/lib/apacheds-i18n-2.0.0-M15.jar:/home/ubuntu/hadoop/share/hadoop/common/lib/commons-digester-1.8.jar:/home/ubuntu/hadoop/share/hadoop/common/lib/servlet-api-2.5.jar:/home/ubuntu/hadoop/share/hadoop/common/lib/htrace-core4-4.1.0-incubating.jar:/home/ubuntu/hadoop/share/hadoop/common/lib/commons-io-2.5.jar:/home/ubuntu/hadoop/share/hadoop/common/lib/commons-lang3-3.4.jar:/home/ubuntu/hadoop/share/hadoop/common/lib/jaxb-api-2.2.2.jar:/home/ubuntu/hadoop/share/hadoop/common/lib/jersey-server-1.9.jar:/home/ubuntu/hadoop/share/hadoop/common/lib/slf4j-reload4j-1.7.36.jar:/home/ubuntu/hadoop/share/hadoop/common/lib/jackson-mapper-asl-1.9.13.jar:/home/ubuntu/hadoop/share/hadoop/common/lib/jersey-core-1.9.jar:/home/ubuntu/hadoop/share/hadoop/common/lib/slf4j-api-1.7.36.jar:/home/ubuntu/hadoop/share/hadoop/common/lib/stax-api-1.0-2.jar:/home/ubuntu/hadoop/share/hadoop/common/lib/hamcrest-core-1.3.jar:/home/ubuntu/hadoop/share/hadoop/common/lib/commons-lang-2.6.jar:/home/ubuntu/hadoop/share/hadoop/common/lib/mockito-all-1.8.5.jar:/home/ubuntu/hadoop/share/hadoop/common/lib/woodstox-core-5.3.0.jar:/home/ubuntu/hadoop/share/hadoop/common/lib/jettison-1.1.jar:/home/ubuntu/hadoop/share/hadoop/common/lib/hadoop-annotations-2.10.2.jar:/home/ubuntu/hadoop/share/hadoop/common/lib/protobuf-java-2.5.0.jar:/home/ubuntu/hadoop/share/hadoop/common/lib/jsp-api-2.1.jar:/home/ubuntu/hadoop/share/hadoop/common/lib/stax2-api-4.2.1.jar:/home/ubuntu/hadoop/share/hadoop/common/lib/commons-codec-1.4.jar:/home/ubuntu/hadoop/share/hadoop/common/lib/commons-net-3.1.jar:/home/ubuntu/hadoop/share/hadoop/common/lib/reload4j-1.2.18.3.jar:/home/ubuntu/hadoop/share/hadoop/common/lib/hadoop-auth-2.10.2.jar:/home/ubuntu/hadoop/share/hadoop/common/lib/jersey-json-1.9.jar:/home/ubuntu/hadoop/share/hadoop/common/lib/spotbugs-annotations-3.1.9.jar:/home/ubuntu/hadoop/share/hadoop/common/lib/jcip-annotations-1.0-1.jar:/home/ubuntu/hadoop/share/hadoop/common/lib/jsr305-3.0.2.jar:/home/ubuntu/hadoop/share/hadoop/common/lib/jetty-util-6.1.26.jar:/home/ubuntu/hadoop/share/hadoop/common/lib/commons-collections-3.2.2.jar:/home/ubuntu/hadoop/share/hadoop/common/lib/jackson-core-asl-1.9.13.jar:/home/ubuntu/hadoop/share/hadoop/common/lib/jaxb-impl-2.2.3-1.jar:/home/ubuntu/hadoop/share/hadoop/common/lib/zookeeper-3.4.14.jar:/home/ubuntu/hadoop/share/hadoop/common/lib/commons-cli-1.2.jar:/home/ubuntu/hadoop/share/hadoop/common/lib/httpcore-4.4.13.jar:/home/ubuntu/hadoop/share/hadoop/common/lib/commons-logging-1.1.3.jar:/home/ubuntu/hadoop/share/hadoop/common/lib/netty-3.10.6.Final.jar:/home/ubuntu/hadoop/share/hadoop/common/hadoop-nfs-2.10.2.jar:/home/ubuntu/hadoop/share/hadoop/common/hadoop-common-2.10.2.jar:/home/ubuntu/hadoop/share/hadoop/common/hadoop-common-2.10.2-tests.jar:/home/ubuntu/hadoop/share/hadoop/hdfs:/home/ubuntu/hadoop/share/hadoop/hdfs/lib/jackson-databind-2.9.10.7.jar:/home/ubuntu/hadoop/share/hadoop/hdfs/lib/jackson-core-2.9.10.jar:/home/ubuntu/hadoop/share/hadoop/hdfs/lib/xmlenc-0.52.jar:/home/ubuntu/hadoop/share/hadoop/hdfs/lib/jetty-6.1.26.jar:/home/ubuntu/hadoop/share/hadoop/hdfs/lib/hadoop-hdfs-client-2.10.2.jar:/home/ubuntu/hadoop/share/hadoop/hdfs/lib/asm-3.2.jar:/home/ubuntu/hadoop/share/hadoop/hdfs/lib/guava-11.0.2.jar:/home/ubuntu/hadoop/share/hadoop/hdfs/lib/servlet-api-2.5.jar:/home/ubuntu/hadoop/share/hadoop/hdfs/lib/htrace-core4-4.1.0-incubating.jar:/home/ubuntu/hadoop/share/hadoop/hdfs/lib/commons-io-2.5.jar:/home/ubuntu/hadoop/share/hadoop/hdfs/lib/leveldbjni-all-1.8.jar:/home/ubuntu/hadoop/share/hadoop/hdfs/lib/jersey-server-1.9.jar:/home/ubuntu/hadoop/share/hadoop/hdfs/lib/jackson-mapper-asl-1.9.13.jar:/home/ubuntu/hadoop/share/hadoop/hdfs/lib/jersey-core-1.9.jar:/home/ubuntu/hadoop/share/hadoop/hdfs/lib/okhttp-2.7.5.jar:/home/ubuntu/hadoop/share/hadoop/hdfs/lib/commons-lang-2.6.jar:/home/ubuntu/hadoop/share/hadoop/hdfs/lib/xercesImpl-2.12.0.jar:/home/ubuntu/hadoop/share/hadoop/hdfs/lib/netty-all-4.1.50.Final.jar:/home/ubuntu/hadoop/share/hadoop/hdfs/lib/protobuf-java-2.5.0.jar:/home/ubuntu/hadoop/share/hadoop/hdfs/lib/commons-daemon-1.0.13.jar:/home/ubuntu/hadoop/share/hadoop/hdfs/lib/okio-1.6.0.jar:/home/ubuntu/hadoop/share/hadoop/hdfs/lib/commons-codec-1.4.jar:/home/ubuntu/hadoop/share/hadoop/hdfs/lib/reload4j-1.2.18.3.jar:/home/ubuntu/hadoop/share/hadoop/hdfs/lib/jsr305-3.0.2.jar:/home/ubuntu/hadoop/share/hadoop/hdfs/lib/jetty-util-6.1.26.jar:/home/ubuntu/hadoop/share/hadoop/hdfs/lib/jackson-core-asl-1.9.13.jar:/home/ubuntu/hadoop/share/hadoop/hdfs/lib/commons-cli-1.2.jar:/home/ubuntu/hadoop/share/hadoop/hdfs/lib/xml-apis-1.4.01.jar:/home/ubuntu/hadoop/share/hadoop/hdfs/lib/jackson-annotations-2.9.10.jar:/home/ubuntu/hadoop/share/hadoop/hdfs/lib/commons-logging-1.1.3.jar:/home/ubuntu/hadoop/share/hadoop/hdfs/lib/netty-3.10.6.Final.jar:/home/ubuntu/hadoop/share/hadoop/hdfs/hadoop-hdfs-2.10.2.jar:/home/ubuntu/hadoop/share/hadoop/hdfs/hadoop-hdfs-nfs-2.10.2.jar:/home/ubuntu/hadoop/share/hadoop/hdfs/hadoop-hdfs-2.10.2-tests.jar:/home/ubuntu/hadoop/share/hadoop/hdfs/hadoop-hdfs-native-client-2.10.2.jar:/home/ubuntu/hadoop/share/hadoop/hdfs/hadoop-hdfs-client-2.10.2.jar:/home/ubuntu/hadoop/share/hadoop/hdfs/hadoop-hdfs-native-client-2.10.2-tests.jar:/home/ubuntu/hadoop/share/hadoop/hdfs/hadoop-hdfs-rbf-2.10.2-tests.jar:/home/ubuntu/hadoop/share/hadoop/hdfs/hadoop-hdfs-client-2.10.2-tests.jar:/home/ubuntu/hadoop/share/hadoop/hdfs/hadoop-hdfs-rbf-2.10.2.jar:/home/ubuntu/hadoop/share/hadoop/yarn:/home/ubuntu/hadoop/share/hadoop/yarn/lib/metrics-core-3.0.1.jar:/home/ubuntu/hadoop/share/hadoop/yarn/lib/aopalliance-1.0.jar:/home/ubuntu/hadoop/share/hadoop/yarn/lib/commons-configuration-1.6.jar:/home/ubuntu/hadoop/share/hadoop/yarn/lib/ehcache-3.3.1.jar:/home/ubuntu/hadoop/share/hadoop/yarn/lib/api-asn1-api-1.0.0-M20.jar:/home/ubuntu/hadoop/share/hadoop/yarn/lib/audience-annotations-0.5.0.jar:/home/ubuntu/hadoop/share/hadoop/yarn/lib/api-util-1.0.0-M20.jar:/home/ubuntu/hadoop/share/hadoop/yarn/lib/commons-compress-1.21.jar:/home/ubuntu/hadoop/share/hadoop/yarn/lib/paranamer-2.3.jar:/home/ubuntu/hadoop/share/hadoop/yarn/lib/jackson-jaxrs-1.9.13.jar:/home/ubuntu/hadoop/share/hadoop/yarn/lib/jsch-0.1.55.jar:/home/ubuntu/hadoop/share/hadoop/yarn/lib/jetty-sslengine-6.1.26.jar:/home/ubuntu/hadoop/share/hadoop/yarn/lib/fst-2.50.jar:/home/ubuntu/hadoop/share/hadoop/yarn/lib/commons-beanutils-1.9.4.jar:/home/ubuntu/hadoop/share/hadoop/yarn/lib/httpclient-4.5.13.jar:/home/ubuntu/hadoop/share/hadoop/yarn/lib/snappy-java-1.0.5.jar:/home/ubuntu/hadoop/share/hadoop/yarn/lib/commons-math3-3.1.1.jar:/home/ubuntu/hadoop/share/hadoop/yarn/lib/guice-3.0.jar:/home/ubuntu/hadoop/share/hadoop/yarn/lib/xmlenc-0.52.jar:/home/ubuntu/hadoop/share/hadoop/yarn/lib/jetty-6.1.26.jar:/home/ubuntu/hadoop/share/hadoop/yarn/lib/nimbus-jose-jwt-7.9.jar:/home/ubuntu/hadoop/share/hadoop/yarn/lib/activation-1.1.jar:/home/ubuntu/hadoop/share/hadoop/yarn/lib/jersey-guice-1.9.jar:/home/ubuntu/hadoop/share/hadoop/yarn/lib/curator-framework-2.13.0.jar:/home/ubuntu/hadoop/share/hadoop/yarn/lib/jets3t-0.9.0.jar:/home/ubuntu/hadoop/share/hadoop/yarn/lib/jackson-xc-1.9.13.jar:/home/ubuntu/hadoop/share/hadoop/yarn/lib/apacheds-kerberos-codec-2.0.0-M15.jar:/home/ubuntu/hadoop/share/hadoop/yarn/lib/avro-1.7.7.jar:/home/ubuntu/hadoop/share/hadoop/yarn/lib/curator-recipes-2.13.0.jar:/home/ubuntu/hadoop/share/hadoop/yarn/lib/asm-3.2.jar:/home/ubuntu/hadoop/share/hadoop/yarn/lib/curator-client-2.13.0.jar:/home/ubuntu/hadoop/share/hadoop/yarn/lib/java-xmlbuilder-0.4.jar:/home/ubuntu/hadoop/share/hadoop/yarn/lib/javax.inject-1.jar:/home/ubuntu/hadoop/share/hadoop/yarn/lib/gson-2.2.4.jar:/home/ubuntu/hadoop/share/hadoop/yarn/lib/json-smart-1.3.3.jar:/home/ubuntu/hadoop/share/hadoop/yarn/lib/guava-11.0.2.jar:/home/ubuntu/hadoop/share/hadoop/yarn/lib/apacheds-i18n-2.0.0-M15.jar:/home/ubuntu/hadoop/share/hadoop/yarn/lib/commons-digester-1.8.jar:/home/ubuntu/hadoop/share/hadoop/yarn/lib/servlet-api-2.5.jar:/home/ubuntu/hadoop/share/hadoop/yarn/lib/htrace-core4-4.1.0-incubating.jar:/home/ubuntu/hadoop/share/hadoop/yarn/lib/commons-io-2.5.jar:/home/ubuntu/hadoop/share/hadoop/yarn/lib/commons-lang3-3.4.jar:/home/ubuntu/hadoop/share/hadoop/yarn/lib/leveldbjni-all-1.8.jar:/home/ubuntu/hadoop/share/hadoop/yarn/lib/jaxb-api-2.2.2.jar:/home/ubuntu/hadoop/share/hadoop/yarn/lib/jersey-server-1.9.jar:/home/ubuntu/hadoop/share/hadoop/yarn/lib/json-io-2.5.1.jar:/home/ubuntu/hadoop/share/hadoop/yarn/lib/mssql-jdbc-6.2.1.jre7.jar:/home/ubuntu/hadoop/share/hadoop/yarn/lib/jackson-mapper-asl-1.9.13.jar:/home/ubuntu/hadoop/share/hadoop/yarn/lib/jersey-core-1.9.jar:/home/ubuntu/hadoop/share/hadoop/yarn/lib/stax-api-1.0-2.jar:/home/ubuntu/hadoop/share/hadoop/yarn/lib/commons-lang-2.6.jar:/home/ubuntu/hadoop/share/hadoop/yarn/lib/java-util-1.9.0.jar:/home/ubuntu/hadoop/share/hadoop/yarn/lib/woodstox-core-5.3.0.jar:/home/ubuntu/hadoop/share/hadoop/yarn/lib/geronimo-jcache_1.0_spec-1.0-alpha-1.jar:/home/ubuntu/hadoop/share/hadoop/yarn/lib/guice-servlet-3.0.jar:/home/ubuntu/hadoop/share/hadoop/yarn/lib/jettison-1.1.jar:/home/ubuntu/hadoop/share/hadoop/yarn/lib/protobuf-java-2.5.0.jar:/home/ubuntu/hadoop/share/hadoop/yarn/lib/jsp-api-2.1.jar:/home/ubuntu/hadoop/share/hadoop/yarn/lib/stax2-api-4.2.1.jar:/home/ubuntu/hadoop/share/hadoop/yarn/lib/commons-codec-1.4.jar:/home/ubuntu/hadoop/share/hadoop/yarn/lib/commons-net-3.1.jar:/home/ubuntu/hadoop/share/hadoop/yarn/lib/reload4j-1.2.18.3.jar:/home/ubuntu/hadoop/share/hadoop/yarn/lib/jersey-json-1.9.jar:/home/ubuntu/hadoop/share/hadoop/yarn/lib/spotbugs-annotations-3.1.9.jar:/home/ubuntu/hadoop/share/hadoop/yarn/lib/jcip-annotations-1.0-1.jar:/home/ubuntu/hadoop/share/hadoop/yarn/lib/jersey-client-1.9.jar:/home/ubuntu/hadoop/share/hadoop/yarn/lib/jsr305-3.0.2.jar:/home/ubuntu/hadoop/share/hadoop/yarn/lib/HikariCP-java7-2.4.12.jar:/home/ubuntu/hadoop/share/hadoop/yarn/lib/jetty-util-6.1.26.jar:/home/ubuntu/hadoop/share/hadoop/yarn/lib/commons-collections-3.2.2.jar:/home/ubuntu/hadoop/share/hadoop/yarn/lib/jackson-core-asl-1.9.13.jar:/home/ubuntu/hadoop/share/hadoop/yarn/lib/jaxb-impl-2.2.3-1.jar:/home/ubuntu/hadoop/share/hadoop/yarn/lib/zookeeper-3.4.14.jar:/home/ubuntu/hadoop/share/hadoop/yarn/lib/commons-cli-1.2.jar:/home/ubuntu/hadoop/share/hadoop/yarn/lib/httpcore-4.4.13.jar:/home/ubuntu/hadoop/share/hadoop/yarn/lib/commons-logging-1.1.3.jar:/home/ubuntu/hadoop/share/hadoop/yarn/lib/netty-3.10.6.Final.jar:/home/ubuntu/hadoop/share/hadoop/yarn/hadoop-yarn-api-2.10.2.jar:/home/ubuntu/hadoop/share/hadoop/yarn/hadoop-yarn-server-router-2.10.2.jar:/home/ubuntu/hadoop/share/hadoop/yarn/hadoop-yarn-client-2.10.2.jar:/home/ubuntu/hadoop/share/hadoop/yarn/hadoop-yarn-applications-unmanaged-am-launcher-2.10.2.jar:/home/ubuntu/hadoop/share/hadoop/yarn/hadoop-yarn-server-nodemanager-2.10.2.jar:/home/ubuntu/hadoop/share/hadoop/yarn/hadoop-yarn-server-web-proxy-2.10.2.jar:/home/ubuntu/hadoop/share/hadoop/yarn/hadoop-yarn-server-tests-2.10.2.jar:/home/ubuntu/hadoop/share/hadoop/yarn/hadoop-yarn-server-timeline-pluginstorage-2.10.2.jar:/home/ubuntu/hadoop/share/hadoop/yarn/hadoop-yarn-common-2.10.2.jar:/home/ubuntu/hadoop/share/hadoop/yarn/hadoop-yarn-server-resourcemanager-2.10.2.jar:/home/ubuntu/hadoop/share/hadoop/yarn/hadoop-yarn-server-sharedcachemanager-2.10.2.jar:/home/ubuntu/hadoop/share/hadoop/yarn/hadoop-yarn-server-applicationhistoryservice-2.10.2.jar:/home/ubuntu/hadoop/share/hadoop/yarn/hadoop-yarn-server-common-2.10.2.jar:/home/ubuntu/hadoop/share/hadoop/yarn/hadoop-yarn-registry-2.10.2.jar:/home/ubuntu/hadoop/share/hadoop/yarn/hadoop-yarn-applications-distributedshell-2.10.2.jar:/home/ubuntu/hadoop/share/hadoop/mapreduce/lib/aopalliance-1.0.jar:/home/ubuntu/hadoop/share/hadoop/mapreduce/lib/commons-compress-1.21.jar:/home/ubuntu/hadoop/share/hadoop/mapreduce/lib/paranamer-2.3.jar:/home/ubuntu/hadoop/share/hadoop/mapreduce/lib/snappy-java-1.0.5.jar:/home/ubuntu/hadoop/share/hadoop/mapreduce/lib/guice-3.0.jar:/home/ubuntu/hadoop/share/hadoop/mapreduce/lib/jersey-guice-1.9.jar:/home/ubuntu/hadoop/share/hadoop/mapreduce/lib/avro-1.7.7.jar:/home/ubuntu/hadoop/share/hadoop/mapreduce/lib/asm-3.2.jar:/home/ubuntu/hadoop/share/hadoop/mapreduce/lib/junit-4.13.2.jar:/home/ubuntu/hadoop/share/hadoop/mapreduce/lib/javax.inject-1.jar:/home/ubuntu/hadoop/share/hadoop/mapreduce/lib/commons-io-2.5.jar:/home/ubuntu/hadoop/share/hadoop/mapreduce/lib/leveldbjni-all-1.8.jar:/home/ubuntu/hadoop/share/hadoop/mapreduce/lib/jersey-server-1.9.jar:/home/ubuntu/hadoop/share/hadoop/mapreduce/lib/jackson-mapper-asl-1.9.13.jar:/home/ubuntu/hadoop/share/hadoop/mapreduce/lib/jersey-core-1.9.jar:/home/ubuntu/hadoop/share/hadoop/mapreduce/lib/hamcrest-core-1.3.jar:/home/ubuntu/hadoop/share/hadoop/mapreduce/lib/guice-servlet-3.0.jar:/home/ubuntu/hadoop/share/hadoop/mapreduce/lib/hadoop-annotations-2.10.2.jar:/home/ubuntu/hadoop/share/hadoop/mapreduce/lib/protobuf-java-2.5.0.jar:/home/ubuntu/hadoop/share/hadoop/mapreduce/lib/reload4j-1.2.18.3.jar:/home/ubuntu/hadoop/share/hadoop/mapreduce/lib/jackson-core-asl-1.9.13.jar:/home/ubuntu/hadoop/share/hadoop/mapreduce/lib/netty-3.10.6.Final.jar:/home/ubuntu/hadoop/share/hadoop/mapreduce/hadoop-mapreduce-client-core-2.10.2.jar:/home/ubuntu/hadoop/share/hadoop/mapreduce/hadoop-mapreduce-client-shuffle-2.10.2.jar:/home/ubuntu/hadoop/share/hadoop/mapreduce/hadoop-mapreduce-client-jobclient-2.10.2-tests.jar:/home/ubuntu/hadoop/share/hadoop/mapreduce/hadoop-mapreduce-client-jobclient-2.10.2.jar:/home/ubuntu/hadoop/share/hadoop/mapreduce/hadoop-mapreduce-client-common-2.10.2.jar:/home/ubuntu/hadoop/share/hadoop/mapreduce/hadoop-mapreduce-client-hs-2.10.2.jar:/home/ubuntu/hadoop/share/hadoop/mapreduce/hadoop-mapreduce-client-hs-plugins-2.10.2.jar:/home/ubuntu/hadoop/share/hadoop/mapreduce/hadoop-mapreduce-examples-2.10.2.jar:/home/ubuntu/hadoop/share/hadoop/mapreduce/hadoop-mapreduce-client-app-2.10.2.jar:/home/ubuntu/hadoop/contrib/capacity-scheduler/*.jar:/home/ubuntu/hadoop/contrib/capacity-scheduler/*.jar:/home/ubuntu/hadoop/share/hadoop/mapreduce/hadoop-mapreduce-client-app-2.10.2.jar:/home/ubuntu/hadoop/share/hadoop/mapreduce/hadoop-mapreduce-client-common-2.10.2.jar:/home/ubuntu/hadoop/share/hadoop/mapreduce/hadoop-mapreduce-client-core-2.10.2.jar:/home/ubuntu/hadoop/share/hadoop/mapreduce/hadoop-mapreduce-client-hs-2.10.2.jar:/home/ubuntu/hadoop/share/hadoop/mapreduce/hadoop-mapreduce-client-hs-plugins-2.10.2.jar:/home/ubuntu/hadoop/share/hadoop/mapreduce/hadoop-mapreduce-client-jobclient-2.10.2-tests.jar:/home/ubuntu/hadoop/share/hadoop/mapreduce/hadoop-mapreduce-client-jobclient-2.10.2.jar:/home/ubuntu/hadoop/share/hadoop/mapreduce/hadoop-mapreduce-client-shuffle-2.10.2.jar:/home/ubuntu/hadoop/share/hadoop/mapreduce/hadoop-mapreduce-examples-2.10.2.jar:/home/ubuntu/hadoop/share/hadoop/yarn/hadoop-yarn-api-2.10.2.jar:/home/ubuntu/hadoop/share/hadoop/yarn/hadoop-yarn-applications-distributedshell-2.10.2.jar:/home/ubuntu/hadoop/share/hadoop/yarn/hadoop-yarn-applications-unmanaged-am-launcher-2.10.2.jar:/home/ubuntu/hadoop/share/hadoop/yarn/hadoop-yarn-client-2.10.2.jar:/home/ubuntu/hadoop/share/hadoop/yarn/hadoop-yarn-common-2.10.2.jar:/home/ubuntu/hadoop/share/hadoop/yarn/hadoop-yarn-registry-2.10.2.jar:/home/ubuntu/hadoop/share/hadoop/yarn/hadoop-yarn-server-applicationhistoryservice-2.10.2.jar:/home/ubuntu/hadoop/share/hadoop/yarn/hadoop-yarn-server-common-2.10.2.jar:/home/ubuntu/hadoop/share/hadoop/yarn/hadoop-yarn-server-nodemanager-2.10.2.jar:/home/ubuntu/hadoop/share/hadoop/yarn/hadoop-yarn-server-resourcemanager-2.10.2.jar:/home/ubuntu/hadoop/share/hadoop/yarn/hadoop-yarn-server-router-2.10.2.jar:/home/ubuntu/hadoop/share/hadoop/yarn/hadoop-yarn-server-sharedcachemanager-2.10.2.jar:/home/ubuntu/hadoop/share/hadoop/yarn/hadoop-yarn-server-tests-2.10.2.jar:/home/ubuntu/hadoop/share/hadoop/yarn/hadoop-yarn-server-timeline-pluginstorage-2.10.2.jar:/home/ubuntu/hadoop/share/hadoop/yarn/hadoop-yarn-server-web-proxy-2.10.2.jar:/home/ubuntu/hadoop/share/hadoop/mapreduce/lib/aopalliance-1.0.jar:/home/ubuntu/hadoop/share/hadoop/mapreduce/lib/asm-3.2.jar:/home/ubuntu/hadoop/share/hadoop/mapreduce/lib/avro-1.7.7.jar:/home/ubuntu/hadoop/share/hadoop/mapreduce/lib/commons-compress-1.21.jar:/home/ubuntu/hadoop/share/hadoop/mapreduce/lib/commons-io-2.5.jar:/home/ubuntu/hadoop/share/hadoop/mapreduce/lib/guice-3.0.jar:/home/ubuntu/hadoop/share/hadoop/mapreduce/lib/guice-servlet-3.0.jar:/home/ubuntu/hadoop/share/hadoop/mapreduce/lib/hadoop-annotations-2.10.2.jar:/home/ubuntu/hadoop/share/hadoop/mapreduce/lib/hamcrest-core-1.3.jar:/home/ubuntu/hadoop/share/hadoop/mapreduce/lib/jackson-core-asl-1.9.13.jar:/home/ubuntu/hadoop/share/hadoop/mapreduce/lib/jackson-mapper-asl-1.9.13.jar:/home/ubuntu/hadoop/share/hadoop/mapreduce/lib/javax.inject-1.jar:/home/ubuntu/hadoop/share/hadoop/mapreduce/lib/jersey-core-1.9.jar:/home/ubuntu/hadoop/share/hadoop/mapreduce/lib/jersey-guice-1.9.jar:/home/ubuntu/hadoop/share/hadoop/mapreduce/lib/jersey-server-1.9.jar:/home/ubuntu/hadoop/share/hadoop/mapreduce/lib/junit-4.13.2.jar:/home/ubuntu/hadoop/share/hadoop/mapreduce/lib/leveldbjni-all-1.8.jar:/home/ubuntu/hadoop/share/hadoop/mapreduce/lib/netty-3.10.6.Final.jar:/home/ubuntu/hadoop/share/hadoop/mapreduce/lib/paranamer-2.3.jar:/home/ubuntu/hadoop/share/hadoop/mapreduce/lib/protobuf-java-2.5.0.jar:/home/ubuntu/hadoop/share/hadoop/mapreduce/lib/reload4j-1.2.18.3.jar:/home/ubuntu/hadoop/share/hadoop/mapreduce/lib/snappy-java-1.0.5.jar:/home/ubuntu/hadoop/modules/*.jar
STARTUP_MSG:   build = Unknown -r 965fd380006fa78b2315668fbc7eb432e1d8200f; compiled by 'ubuntu' on 2022-05-24T22:35Z
STARTUP_MSG:   java = 1.8.0_392
************************************************************/
2024-03-04 17:46:43,755 INFO org.apache.hadoop.mapreduce.v2.hs.JobHistoryServer: registered UNIX signal handlers for [TERM, HUP, INT]
2024-03-04 17:46:44,930 INFO org.apache.hadoop.metrics2.impl.MetricsConfig: loaded properties from hadoop-metrics2.properties
2024-03-04 17:46:45,087 INFO org.apache.hadoop.metrics2.impl.MetricsSystemImpl: Scheduled Metric snapshot period at 10 second(s).
2024-03-04 17:46:45,087 INFO org.apache.hadoop.metrics2.impl.MetricsSystemImpl: JobHistoryServer metrics system started
2024-03-04 17:46:45,104 INFO org.apache.hadoop.mapreduce.v2.hs.JobHistory: JobHistory Init
2024-03-04 17:46:46,323 INFO org.apache.hadoop.mapreduce.v2.jobhistory.JobHistoryUtils: Default file system [hdfs://172.31.28.105:9000]
2024-03-04 17:46:46,576 INFO org.apache.hadoop.mapreduce.v2.hs.HistoryFileManager: Perms after creating 504, Expected: 504
2024-03-04 17:46:46,595 INFO org.apache.hadoop.mapreduce.v2.jobhistory.JobHistoryUtils: Default file system [hdfs://172.31.28.105:9000]
2024-03-04 17:46:46,607 INFO org.apache.hadoop.mapreduce.v2.hs.HistoryFileManager: Perms after creating 493, Expected: 1023
2024-03-04 17:46:46,607 INFO org.apache.hadoop.mapreduce.v2.hs.HistoryFileManager: Explicitly setting permissions to : 1023, rwxrwxrwt
2024-03-04 17:46:46,624 INFO org.apache.hadoop.mapreduce.v2.hs.HistoryFileManager: Initializing Existing Jobs...
2024-03-04 17:46:46,637 INFO org.apache.hadoop.mapreduce.v2.hs.HistoryFileManager: Found 0 directories to load
2024-03-04 17:46:46,637 INFO org.apache.hadoop.mapreduce.v2.hs.HistoryFileManager: Existing job initialization finished. 0.0% of cache is occupied.
2024-03-04 17:46:46,641 INFO org.apache.hadoop.mapreduce.v2.hs.CachedHistoryStorage: CachedHistoryStorage Init
2024-03-04 17:46:46,730 INFO org.apache.hadoop.ipc.CallQueueManager: Using callQueue: class java.util.concurrent.LinkedBlockingQueue queueCapacity: 100 scheduler: class org.apache.hadoop.ipc.DefaultRpcScheduler
2024-03-04 17:46:46,741 INFO org.apache.hadoop.ipc.Server: Starting Socket Reader #1 for port 10033
2024-03-04 17:46:46,921 INFO org.apache.hadoop.security.token.delegation.AbstractDelegationTokenSecretManager: Updating the current master key for generating delegation tokens
2024-03-04 17:46:46,924 INFO org.apache.hadoop.security.token.delegation.AbstractDelegationTokenSecretManager: Starting expired delegation token remover thread, tokenRemoverScanInterval=60 min(s)
2024-03-04 17:46:46,924 INFO org.apache.hadoop.security.token.delegation.AbstractDelegationTokenSecretManager: Updating the current master key for generating delegation tokens
2024-03-04 17:46:47,005 INFO org.mortbay.log: Logging to org.slf4j.impl.Reload4jLoggerAdapter(org.mortbay.log) via org.mortbay.log.Slf4jLog
2024-03-04 17:46:47,014 INFO org.apache.hadoop.security.authentication.server.AuthenticationFilter: Unable to initialize FileSignerSecretProvider, falling back to use random secrets.
2024-03-04 17:46:47,019 INFO org.apache.hadoop.http.HttpRequestLog: Http request log for http.requests.jobhistory is not defined
2024-03-04 17:46:47,027 INFO org.apache.hadoop.http.HttpServer2: Added global filter 'safety' (class=org.apache.hadoop.http.HttpServer2$QuotingInputFilter)
2024-03-04 17:46:47,028 INFO org.apache.hadoop.http.HttpServer2: Added filter static_user_filter (class=org.apache.hadoop.http.lib.StaticUserWebFilter$StaticUserFilter) to context jobhistory
2024-03-04 17:46:47,028 INFO org.apache.hadoop.http.HttpServer2: Added filter static_user_filter (class=org.apache.hadoop.http.lib.StaticUserWebFilter$StaticUserFilter) to context logs
2024-03-04 17:46:47,029 INFO org.apache.hadoop.http.HttpServer2: Added filter static_user_filter (class=org.apache.hadoop.http.lib.StaticUserWebFilter$StaticUserFilter) to context static
2024-03-04 17:46:47,032 INFO org.apache.hadoop.http.HttpServer2: adding path spec: /jobhistory/*
2024-03-04 17:46:47,032 INFO org.apache.hadoop.http.HttpServer2: adding path spec: /ws/*
2024-03-04 17:46:47,406 INFO org.apache.hadoop.yarn.webapp.WebApps: Registered webapp guice modules
2024-03-04 17:46:47,408 INFO org.apache.hadoop.http.HttpServer2: Jetty bound to port 19888
2024-03-04 17:46:47,408 INFO org.mortbay.log: jetty-6.1.26
2024-03-04 17:46:47,498 INFO org.mortbay.log: Extract jar:file:/home/ubuntu/hadoop/share/hadoop/yarn/hadoop-yarn-common-2.10.2.jar!/webapps/jobhistory to /tmp/Jetty_0_0_0_0_19888_jobhistory____.djq1tw/webapp
2024-03-04 17:46:48,716 INFO org.mortbay.log: Started HttpServer2$SelectChannelConnectorWithSafeStartup@0.0.0.0:19888
2024-03-04 17:46:48,716 INFO org.apache.hadoop.yarn.webapp.WebApps: Web app jobhistory started at 19888
2024-03-04 17:46:48,736 INFO org.apache.hadoop.ipc.CallQueueManager: Using callQueue: class java.util.concurrent.LinkedBlockingQueue queueCapacity: 1000 scheduler: class org.apache.hadoop.ipc.DefaultRpcScheduler
2024-03-04 17:46:48,742 INFO org.apache.hadoop.ipc.Server: Starting Socket Reader #1 for port 10020
2024-03-04 17:46:48,759 INFO org.apache.hadoop.yarn.factories.impl.pb.RpcServerFactoryPBImpl: Adding protocol org.apache.hadoop.mapreduce.v2.api.HSClientProtocolPB to the server
2024-03-04 17:46:48,767 INFO org.apache.hadoop.ipc.Server: IPC Server Responder: starting
2024-03-04 17:46:48,774 INFO org.apache.hadoop.ipc.Server: IPC Server listener on 10020: starting
2024-03-04 17:46:48,819 INFO org.apache.hadoop.mapreduce.v2.hs.HistoryClientService: Instantiated HistoryClientService at ip-172-31-28-105.eu-north-1.compute.internal/172.31.28.105:10020
2024-03-04 17:46:48,820 INFO org.apache.hadoop.ipc.Server: IPC Server Responder: starting
2024-03-04 17:46:48,820 INFO org.apache.hadoop.ipc.Server: IPC Server listener on 10033: starting
2024-03-04 17:46:48,834 INFO org.apache.hadoop.util.JvmPauseMonitor: Starting JVM pause monitor
2024-03-04 17:47:16,925 INFO org.apache.hadoop.mapreduce.v2.hs.JobHistory: History Cleaner started
2024-03-04 17:47:16,935 WARN org.apache.hadoop.mapreduce.v2.hs.JobHistory: Error trying to clean up 
java.net.ConnectException: Call From ip-172-31-28-105.eu-north-1.compute.internal/172.31.28.105 to ip-172-31-28-105.eu-north-1.compute.internal:9000 failed on connection exception: java.net.ConnectException: Connection refused; For more details see:  http://wiki.apache.org/hadoop/ConnectionRefused
	at sun.reflect.NativeConstructorAccessorImpl.newInstance0(Native Method)
	at sun.reflect.NativeConstructorAccessorImpl.newInstance(NativeConstructorAccessorImpl.java:62)
	at sun.reflect.DelegatingConstructorAccessorImpl.newInstance(DelegatingConstructorAccessorImpl.java:45)
	at java.lang.reflect.Constructor.newInstance(Constructor.java:423)
	at org.apache.hadoop.net.NetUtils.wrapWithMessage(NetUtils.java:827)
	at org.apache.hadoop.net.NetUtils.wrapException(NetUtils.java:757)
	at org.apache.hadoop.ipc.Client.getRpcResponse(Client.java:1564)
	at org.apache.hadoop.ipc.Client.call(Client.java:1506)
	at org.apache.hadoop.ipc.Client.call(Client.java:1403)
	at org.apache.hadoop.ipc.ProtobufRpcEngine$Invoker.invoke(ProtobufRpcEngine.java:230)
	at org.apache.hadoop.ipc.ProtobufRpcEngine$Invoker.invoke(ProtobufRpcEngine.java:118)
	at com.sun.proxy.$Proxy12.getListing(Unknown Source)
	at org.apache.hadoop.hdfs.protocolPB.ClientNamenodeProtocolTranslatorPB.getListing(ClientNamenodeProtocolTranslatorPB.java:601)
	at sun.reflect.NativeMethodAccessorImpl.invoke0(Native Method)
	at sun.reflect.NativeMethodAccessorImpl.invoke(NativeMethodAccessorImpl.java:62)
	at sun.reflect.DelegatingMethodAccessorImpl.invoke(DelegatingMethodAccessorImpl.java:43)
	at java.lang.reflect.Method.invoke(Method.java:498)
	at org.apache.hadoop.io.retry.RetryInvocationHandler.invokeMethod(RetryInvocationHandler.java:433)
	at org.apache.hadoop.io.retry.RetryInvocationHandler$Call.invokeMethod(RetryInvocationHandler.java:166)
	at org.apache.hadoop.io.retry.RetryInvocationHandler$Call.invoke(RetryInvocationHandler.java:158)
	at org.apache.hadoop.io.retry.RetryInvocationHandler$Call.invokeOnce(RetryInvocationHandler.java:96)
	at org.apache.hadoop.io.retry.RetryInvocationHandler.invoke(RetryInvocationHandler.java:362)
	at com.sun.proxy.$Proxy13.getListing(Unknown Source)
	at org.apache.hadoop.hdfs.DFSClient.listPaths(DFSClient.java:1661)
	at org.apache.hadoop.fs.Hdfs$DirListingIterator.<init>(Hdfs.java:228)
	at org.apache.hadoop.fs.Hdfs$DirListingIterator.<init>(Hdfs.java:215)
	at org.apache.hadoop.fs.Hdfs$2.<init>(Hdfs.java:197)
	at org.apache.hadoop.fs.Hdfs.listStatusIterator(Hdfs.java:197)
	at org.apache.hadoop.fs.FileContext$22.next(FileContext.java:1521)
	at org.apache.hadoop.fs.FileContext$22.next(FileContext.java:1516)
	at org.apache.hadoop.fs.FSLinkResolver.resolve(FSLinkResolver.java:90)
	at org.apache.hadoop.fs.FileContext.listStatus(FileContext.java:1516)
	at org.apache.hadoop.mapreduce.v2.jobhistory.JobHistoryUtils.getHistoryDirsForCleaning(JobHistoryUtils.java:592)
	at org.apache.hadoop.mapreduce.v2.hs.HistoryFileManager.getHistoryDirsForCleaning(HistoryFileManager.java:1166)
	at org.apache.hadoop.mapreduce.v2.hs.HistoryFileManager.clean(HistoryFileManager.java:1180)
	at org.apache.hadoop.mapreduce.v2.hs.JobHistory$HistoryCleaner.run(JobHistory.java:205)
	at java.util.concurrent.Executors$RunnableAdapter.call(Executors.java:511)
	at java.util.concurrent.FutureTask.runAndReset(FutureTask.java:308)
	at java.util.concurrent.ScheduledThreadPoolExecutor$ScheduledFutureTask.access$301(ScheduledThreadPoolExecutor.java:180)
	at java.util.concurrent.ScheduledThreadPoolExecutor$ScheduledFutureTask.run(ScheduledThreadPoolExecutor.java:294)
	at java.util.concurrent.ThreadPoolExecutor.runWorker(ThreadPoolExecutor.java:1149)
	at java.util.concurrent.ThreadPoolExecutor$Worker.run(ThreadPoolExecutor.java:624)
	at java.lang.Thread.run(Thread.java:750)
Caused by: java.net.ConnectException: Connection refused
	at sun.nio.ch.SocketChannelImpl.checkConnect(Native Method)
	at sun.nio.ch.SocketChannelImpl.finishConnect(SocketChannelImpl.java:716)
	at org.apache.hadoop.net.SocketIOWithTimeout.connect(SocketIOWithTimeout.java:206)
	at org.apache.hadoop.net.NetUtils.connect(NetUtils.java:532)
	at org.apache.hadoop.ipc.Client$Connection.setupConnection(Client.java:702)
	at org.apache.hadoop.ipc.Client$Connection.setupIOstreams(Client.java:823)
	at org.apache.hadoop.ipc.Client$Connection.access$3700(Client.java:423)
	at org.apache.hadoop.ipc.Client.getConnection(Client.java:1621)
	at org.apache.hadoop.ipc.Client.call(Client.java:1450)
	... 35 more
2024-03-04 17:47:16,940 INFO org.apache.hadoop.mapreduce.v2.hs.JobHistory: History Cleaner complete
2024-03-04 17:47:26,766 ERROR org.apache.hadoop.mapreduce.v2.hs.JobHistoryServer: RECEIVED SIGNAL 15: SIGTERM
2024-03-04 17:47:26,810 INFO org.apache.hadoop.metrics2.impl.MetricsSystemImpl: Stopping JobHistoryServer metrics system...
2024-03-04 17:47:26,811 INFO org.apache.hadoop.metrics2.impl.MetricsSystemImpl: JobHistoryServer metrics system stopped.
2024-03-04 17:47:26,812 INFO org.apache.hadoop.metrics2.impl.MetricsSystemImpl: JobHistoryServer metrics system shutdown complete.
2024-03-04 17:47:26,812 INFO org.apache.hadoop.ipc.Server: Stopping server on 10033
2024-03-04 17:47:26,816 INFO org.apache.hadoop.ipc.Server: Stopping IPC Server listener on 10033
2024-03-04 17:47:26,837 INFO org.apache.hadoop.ipc.Server: Stopping server on 10020
2024-03-04 17:47:26,848 INFO org.apache.hadoop.ipc.Server: Stopping IPC Server Responder
2024-03-04 17:47:26,882 INFO org.apache.hadoop.ipc.Server: Stopping IPC Server listener on 10020
2024-03-04 17:47:26,918 INFO org.apache.hadoop.ipc.Server: Stopping IPC Server Responder
2024-03-04 17:47:26,924 INFO org.mortbay.log: Stopped HttpServer2$SelectChannelConnectorWithSafeStartup@0.0.0.0:19888
2024-03-04 17:47:26,925 WARN org.apache.hadoop.http.HttpServer2: HttpServer Acceptor: isRunning is false. Rechecking.
2024-03-04 17:47:26,927 WARN org.apache.hadoop.http.HttpServer2: HttpServer Acceptor: isRunning is false
2024-03-04 17:47:26,932 INFO org.apache.hadoop.mapreduce.v2.hs.JobHistory: Stopping JobHistory
2024-03-04 17:47:26,939 INFO org.apache.hadoop.mapreduce.v2.hs.JobHistory: Stopping History Cleaner/Move To Done
2024-03-04 17:47:26,949 ERROR org.apache.hadoop.security.token.delegation.AbstractDelegationTokenSecretManager: ExpiredTokenRemover received java.lang.InterruptedException: sleep interrupted
2024-03-04 17:47:26,949 INFO org.apache.hadoop.mapreduce.v2.hs.JobHistoryServer: SHUTDOWN_MSG: 
/************************************************************
SHUTDOWN_MSG: Shutting down JobHistoryServer at ip-172-31-28-105.eu-north-1.compute.internal/172.31.28.105
************************************************************/
